<?xml version="1.0" encoding="UTF-8"?>
<!-- Generated by org.testng.reporters.JUnitXMLReporter -->
<testsuite ignored="7" hostname="amit-IdeaPad-3-15ITL6" failures="0" tests="15" name="Login_User_Read" time="11.548" errors="0" timestamp="2024-08-23T12:37:36 IST">
  <testcase classname="Features.Login_Page" name="LaunchBrowser" time="0.906"/>
  <testcase classname="Features.Login_Page" name="VisitSite" time="3.403"/>
  <testcase classname="Features.Login_Page" name="Login" time="1.858"/>
  <testcase classname="Features.Login_Page" name="ProfileDropdown" time="0.055"/>
  <testcase classname="Features.Login_Page" name="ProfileDropdown" time="0.027"/>
  <testcase classname="Features.Login_Page" name="Profile" time="1.567"/>
  <testcase classname="Features.Login_Page" name="KYC" time="0.043"/>
  <testcase classname="Features.Login_Page" name="BankInfo" time="0.041"/>
  <testcase classname="Features.Login_Page" name="GSTIN" time="0.034"/>
  <testcase classname="Features.Login_Page" name="Address" time="0.041"/>
  <testcase classname="Features.Login_Page" name="EscrowAccount" time="0.039"/>
  <testcase classname="Features.Login_Page" name="WithdrawRequest" time="1.06"/>
  <testcase classname="Features.Login_Page" name="AccountStatement" time="1.202"/>
  <testcase classname="Features.Login_Page" name="Deals" time="0.038"/>
  <testcase classname="Features.Login_Page" name="DealsList" time="1.173"/>
  <testcase classname="Features.Login_Page" name="Clients" time="0.0">
    <ignored/>
  </testcase> <!-- Clients -->
  <testcase classname="Features.Login_Page" name="CreateUser" time="0.0">
    <ignored/>
  </testcase> <!-- CreateUser -->
  <testcase classname="Features.Login_Page" name="Reports" time="0.0">
    <ignored/>
  </testcase> <!-- Reports -->
  <testcase classname="Features.Login_Page" name="CloseBrowser" time="0.0">
    <ignored/>
  </testcase> <!-- CloseBrowser -->
  <testcase classname="Features.Login_Page" name="Logout" time="0.0">
    <ignored/>
  </testcase> <!-- Logout -->
  <testcase classname="Features.Login_Page" name="UserManagement" time="0.0">
    <ignored/>
  </testcase> <!-- UserManagement -->
  <testcase classname="Features.Login_Page" name="TransactionReports" time="0.0">
    <ignored/>
  </testcase> <!-- TransactionReports -->
</testsuite> <!-- Login_User_Read -->
