<?xml version="1.0" encoding="UTF-8"?>
<!-- Generated by org.testng.reporters.JUnitXMLReporter -->
<testsuite ignored="14" hostname="amit-IdeaPad-3-15ITL6" failures="0" tests="9" name="Login_Admin_Create_Deal" time="25.841" errors="0" timestamp="2024-08-27T13:02:47 IST">
  <testcase classname="Features.Login_Page" name="LaunchBrowser" time="0.9"/>
  <testcase classname="Features.Login_Page" name="VisitSite" time="4.668"/>
  <testcase classname="Features.Login_Page" name="Login" time="5.775"/>
  <testcase classname="Features.Login_Page" name="Deals" time="0.046"/>
  <testcase classname="Features.Login_Page" name="DealsList" time="4.196"/>
  <testcase classname="Features.Login_Page" name="CreateDeal" time="6.732"/>
  <testcase classname="Features.Login_Page" name="ProfileDropdown" time="0.044"/>
  <testcase classname="Features.Login_Page" name="Logout" time="3.315"/>
  <testcase classname="Features.Login_Page" name="CloseBrowser" time="0.108"/>
  <testcase classname="Features.Login_Page" name="BankInfo" time="0.0">
    <ignored/>
  </testcase> <!-- BankInfo -->
  <testcase classname="Features.Login_Page" name="Address" time="0.0">
    <ignored/>
  </testcase> <!-- Address -->
  <testcase classname="Features.Login_Page" name="TransactionReports" time="0.0">
    <ignored/>
  </testcase> <!-- TransactionReports -->
  <testcase classname="Features.Login_Page" name="WithdrawRequest" time="0.0">
    <ignored/>
  </testcase> <!-- WithdrawRequest -->
  <testcase classname="Features.Login_Page" name="Profile" time="0.0">
    <ignored/>
  </testcase> <!-- Profile -->
  <testcase classname="Features.Login_Page" name="FillForm" time="0.0">
    <ignored/>
  </testcase> <!-- FillForm -->
  <testcase classname="Features.Login_Page" name="Reports" time="0.0">
    <ignored/>
  </testcase> <!-- Reports -->
  <testcase classname="Features.Login_Page" name="CreateUser" time="0.0">
    <ignored/>
  </testcase> <!-- CreateUser -->
  <testcase classname="Features.Login_Page" name="Clients" time="0.0">
    <ignored/>
  </testcase> <!-- Clients -->
  <testcase classname="Features.Login_Page" name="GSTIN" time="0.0">
    <ignored/>
  </testcase> <!-- GSTIN -->
  <testcase classname="Features.Login_Page" name="KYC" time="0.0">
    <ignored/>
  </testcase> <!-- KYC -->
  <testcase classname="Features.Login_Page" name="UserManagement" time="0.0">
    <ignored/>
  </testcase> <!-- UserManagement -->
  <testcase classname="Features.Login_Page" name="EscrowAccount" time="0.0">
    <ignored/>
  </testcase> <!-- EscrowAccount -->
  <testcase classname="Features.Login_Page" name="AccountStatement" time="0.0">
    <ignored/>
  </testcase> <!-- AccountStatement -->
</testsuite> <!-- Login_Admin_Create_Deal -->
