<?xml version="1.0" encoding="UTF-8"?>
<!-- Generated by org.testng.reporters.JUnitXMLReporter -->
<testsuite ignored="3" hostname="amit-IdeaPad-3-15ITL6" failures="0" tests="19" name="Login_Admin_Read" time="12.553" errors="0" timestamp="2024-08-23T12:37:49 IST">
  <testcase classname="Features.Login_Page" name="LaunchBrowser" time="0.543"/>
  <testcase classname="Features.Login_Page" name="VisitSite" time="3.891"/>
  <testcase classname="Features.Login_Page" name="Login" time="1.609"/>
  <testcase classname="Features.Login_Page" name="ProfileDropdown" time="0.053"/>
  <testcase classname="Features.Login_Page" name="ProfileDropdown" time="0.034"/>
  <testcase classname="Features.Login_Page" name="Profile" time="1.557"/>
  <testcase classname="Features.Login_Page" name="KYC" time="0.043"/>
  <testcase classname="Features.Login_Page" name="BankInfo" time="0.042"/>
  <testcase classname="Features.Login_Page" name="GSTIN" time="0.034"/>
  <testcase classname="Features.Login_Page" name="Address" time="0.033"/>
  <testcase classname="Features.Login_Page" name="Clients" time="0.034"/>
  <testcase classname="Features.Login_Page" name="UserManagement" time="0.934"/>
  <testcase classname="Features.Login_Page" name="EscrowAccount" time="0.043"/>
  <testcase classname="Features.Login_Page" name="WithdrawRequest" time="0.876"/>
  <testcase classname="Features.Login_Page" name="AccountStatement" time="0.896"/>
  <testcase classname="Features.Login_Page" name="Reports" time="0.04"/>
  <testcase classname="Features.Login_Page" name="TransactionReports" time="0.952"/>
  <testcase classname="Features.Login_Page" name="Deals" time="0.04"/>
  <testcase classname="Features.Login_Page" name="DealsList" time="0.877"/>
  <testcase classname="Features.Login_Page" name="Logout" time="0.0">
    <ignored/>
  </testcase> <!-- Logout -->
  <testcase classname="Features.Login_Page" name="CloseBrowser" time="0.0">
    <ignored/>
  </testcase> <!-- CloseBrowser -->
  <testcase classname="Features.Login_Page" name="CreateUser" time="0.0">
    <ignored/>
  </testcase> <!-- CreateUser -->
</testsuite> <!-- Login_Admin_Read -->
