<?xml version="1.0" encoding="UTF-8"?>
<!-- Generated by org.testng.reporters.JUnitXMLReporter -->
<testsuite ignored="17" hostname="amit-IdeaPad-3-15ITL6" failures="0" tests="7" name="Login_Admin_Create_User" time="12.112" errors="0" timestamp="2024-08-23T17:07:55 IST">
  <testcase classname="Features.Login_Page" name="LaunchBrowser" time="0.861"/>
  <testcase classname="Features.Login_Page" name="VisitSite" time="4.119"/>
  <testcase classname="Features.Login_Page" name="Login" time="2.027"/>
  <testcase classname="Features.Login_Page" name="Clients" time="0.043"/>
  <testcase classname="Features.Login_Page" name="UserManagement" time="1.121"/>
  <testcase classname="Features.Login_Page" name="CreateUser" time="1.13"/>
  <testcase classname="Features.Login_Page" name="FillForm" time="2.768"/>
  <testcase classname="Features.Login_Page" name="EscrowAccount" time="0.0">
    <ignored/>
  </testcase> <!-- EscrowAccount -->
  <testcase classname="Features.Login_Page" name="CloseBrowser" time="0.0">
    <ignored/>
  </testcase> <!-- CloseBrowser -->
  <testcase classname="Features.Login_Page" name="WithdrawRequest" time="0.0">
    <ignored/>
  </testcase> <!-- WithdrawRequest -->
  <testcase classname="Features.Login_Page" name="CheckFormSubmit" time="0.0">
    <ignored/>
  </testcase> <!-- CheckFormSubmit -->
  <testcase classname="Features.Login_Page" name="KYC" time="0.0">
    <ignored/>
  </testcase> <!-- KYC -->
  <testcase classname="Features.Login_Page" name="BankInfo" time="0.0">
    <ignored/>
  </testcase> <!-- BankInfo -->
  <testcase classname="Features.Login_Page" name="DealsList" time="0.0">
    <ignored/>
  </testcase> <!-- DealsList -->
  <testcase classname="Features.Login_Page" name="Reports" time="0.0">
    <ignored/>
  </testcase> <!-- Reports -->
  <testcase classname="Features.Login_Page" name="Profile" time="0.0">
    <ignored/>
  </testcase> <!-- Profile -->
  <testcase classname="Features.Login_Page" name="AccountStatement" time="0.0">
    <ignored/>
  </testcase> <!-- AccountStatement -->
  <testcase classname="Features.Login_Page" name="TransactionReports" time="0.0">
    <ignored/>
  </testcase> <!-- TransactionReports -->
  <testcase classname="Features.Login_Page" name="Address" time="0.0">
    <ignored/>
  </testcase> <!-- Address -->
  <testcase classname="Features.Login_Page" name="ProfileDropdown" time="0.0">
    <ignored/>
  </testcase> <!-- ProfileDropdown -->
  <testcase classname="Features.Login_Page" name="Logout" time="0.0">
    <ignored/>
  </testcase> <!-- Logout -->
  <testcase classname="Features.Login_Page" name="CheckNewUser" time="0.0">
    <ignored/>
  </testcase> <!-- CheckNewUser -->
  <testcase classname="Features.Login_Page" name="Deals" time="0.0">
    <ignored/>
  </testcase> <!-- Deals -->
  <testcase classname="Features.Login_Page" name="GSTIN" time="0.0">
    <ignored/>
  </testcase> <!-- GSTIN -->
</testsuite> <!-- Login_Admin_Create_User -->
