<?xml version="1.0" encoding="UTF-8"?>
<!-- Generated by org.testng.reporters.JUnitXMLReporter -->
<testsuite ignored="11" hostname="amit-IdeaPad-3-15ITL6" failures="0" tests="9" name="Login_User_Read" time="9.967" errors="0" timestamp="2024-08-22T17:12:49 IST">
  <testcase classname="Features.Login_Page" name="LaunchBrowser" time="0.901"/>
  <testcase classname="Features.Login_Page" name="VisitSite" time="6.008"/>
  <testcase classname="Features.Login_Page" name="Login" time="1.745"/>
  <testcase classname="Features.Login_Page" name="ProfileDropdown" time="0.054"/>
  <testcase classname="Features.Login_Page" name="Profile" time="1.033"/>
  <testcase classname="Features.Login_Page" name="KYC" time="0.043"/>
  <testcase classname="Features.Login_Page" name="BankInfo" time="0.041"/>
  <testcase classname="Features.Login_Page" name="GSTIN" time="0.037"/>
  <testcase classname="Features.Login_Page" name="Address" time="0.047"/>
  <testcase classname="Features.Login_Page" name="Deals" time="0.0">
    <ignored/>
  </testcase> <!-- Deals -->
  <testcase classname="Features.Login_Page" name="Logout" time="0.0">
    <ignored/>
  </testcase> <!-- Logout -->
  <testcase classname="Features.Login_Page" name="TransactionReports" time="0.0">
    <ignored/>
  </testcase> <!-- TransactionReports -->
  <testcase classname="Features.Login_Page" name="DealsList" time="0.0">
    <ignored/>
  </testcase> <!-- DealsList -->
  <testcase classname="Features.Login_Page" name="Reports" time="0.0">
    <ignored/>
  </testcase> <!-- Reports -->
  <testcase classname="Features.Login_Page" name="WithdrawRequest" time="0.0">
    <ignored/>
  </testcase> <!-- WithdrawRequest -->
  <testcase classname="Features.Login_Page" name="EscrowAccount" time="0.0">
    <ignored/>
  </testcase> <!-- EscrowAccount -->
  <testcase classname="Features.Login_Page" name="UserManagement" time="0.0">
    <ignored/>
  </testcase> <!-- UserManagement -->
  <testcase classname="Features.Login_Page" name="AccountStatement" time="0.0">
    <ignored/>
  </testcase> <!-- AccountStatement -->
  <testcase classname="Features.Login_Page" name="CloseBrowser" time="0.0">
    <ignored/>
  </testcase> <!-- CloseBrowser -->
  <testcase classname="Features.Login_Page" name="Clients" time="0.0">
    <ignored/>
  </testcase> <!-- Clients -->
</testsuite> <!-- Login_User_Read -->
