<?xml version="1.0" encoding="UTF-8"?>
<!-- Generated by org.testng.reporters.JUnitXMLReporter -->
<testsuite ignored="0" hostname="amit-IdeaPad-3-15ITL6" failures="0" tests="10" name="Login" time="9.027" errors="0" timestamp="2024-08-22T12:06:25 IST">
  <testcase classname="Features.Login_Page" name="LaunchBrowser" time="0.926"/>
  <testcase classname="Features.Login_Page" name="VisitSite" time="4.358"/>
  <testcase classname="Features.Login_Page" name="Login" time="2.01"/>
  <testcase classname="Features.Login_Page" name="ProfileDropdown" time="0.054"/>
  <testcase classname="Features.Login_Page" name="Profile" time="1.345"/>
  <testcase classname="Features.Login_Page" name="KYC" time="0.055"/>
  <testcase classname="Features.Login_Page" name="BankInfo" time="0.048"/>
  <testcase classname="Features.Login_Page" name="GSTIN" time="0.037"/>
  <testcase classname="Features.Login_Page" name="Address" time="0.034"/>
  <testcase classname="Features.Login_Page" name="CloseBrowser" time="0.113"/>
</testsuite> <!-- Login -->
