<?xml version="1.0" encoding="UTF-8"?>
<!-- Generated by org.testng.reporters.JUnitXMLReporter -->
<testsuite ignored="19" hostname="amit-IdeaPad-3-15ITL6" failures="1" tests="1" name="Default test" time="0.042" errors="0" timestamp="2024-08-22T15:38:01 IST">
  <testcase classname="Features.Login_Page" name="Clients" time="0.013">
    <failure type="java.lang.NullPointerException" message="Cannot invoke &amp;quot;org.openqa.selenium.WebDriver.findElement(org.openqa.selenium.By)&amp;quot; because &amp;quot;this.driver&amp;quot; is null">
      <![CDATA[java.lang.NullPointerException: Cannot invoke "org.openqa.selenium.WebDriver.findElement(org.openqa.selenium.By)" because "this.driver" is null
at Features.Login_Page.Clients(Login_Page.java:86)
at java.base/jdk.internal.reflect.DirectMethodHandleAccessor.invoke(DirectMethodHandleAccessor.java:103)
at java.base/java.lang.reflect.Method.invoke(Method.java:580)
at org.testng.internal.invokers.MethodInvocationHelper.invokeMethod(MethodInvocationHelper.java:141)
at org.testng.internal.invokers.TestInvoker.invokeMethod(TestInvoker.java:686)
at org.testng.internal.invokers.TestInvoker.invokeTestMethod(TestInvoker.java:230)
at org.testng.internal.invokers.MethodRunner.runInSequence(MethodRunner.java:63)
at org.testng.internal.invokers.TestInvoker$MethodInvocationAgent.invoke(TestInvoker.java:992)
at org.testng.internal.invokers.TestInvoker.invokeTestMethods(TestInvoker.java:203)
at org.testng.internal.invokers.TestMethodWorker.invokeTestMethods(TestMethodWorker.java:154)
at org.testng.internal.invokers.TestMethodWorker.run(TestMethodWorker.java:134)
at java.base/java.util.ArrayList.forEach(ArrayList.java:1596)
at org.testng.TestRunner.privateRun(TestRunner.java:739)
at org.testng.TestRunner.run(TestRunner.java:614)
at org.testng.SuiteRunner.runTest(SuiteRunner.java:421)
at org.testng.SuiteRunner.runSequentially(SuiteRunner.java:413)
at org.testng.SuiteRunner.privateRun(SuiteRunner.java:373)
at org.testng.SuiteRunner.run(SuiteRunner.java:312)
at org.testng.SuiteRunnerWorker.runSuite(SuiteRunnerWorker.java:52)
at org.testng.SuiteRunnerWorker.run(SuiteRunnerWorker.java:95)
at org.testng.TestNG.runSuitesSequentially(TestNG.java:1274)
at org.testng.TestNG.runSuitesLocally(TestNG.java:1208)
at org.testng.TestNG.runSuites(TestNG.java:1112)
at org.testng.TestNG.run(TestNG.java:1079)
at org.testng.remote.AbstractRemoteTestNG.run(AbstractRemoteTestNG.java:115)
at org.testng.remote.RemoteTestNG.initAndRun(RemoteTestNG.java:293)
at org.testng.remote.RemoteTestNG.main(RemoteTestNG.java:91)
]]>
    </failure>
  </testcase> <!-- Clients -->
  <testcase classname="Features.Login_Page" name="KYC" time="0.0">
    <ignored/>
  </testcase> <!-- KYC -->
  <testcase classname="Features.Login_Page" name="DealsList" time="0.0">
    <ignored/>
  </testcase> <!-- DealsList -->
  <testcase classname="Features.Login_Page" name="ProfileDropdown" time="0.0">
    <ignored/>
  </testcase> <!-- ProfileDropdown -->
  <testcase classname="Features.Login_Page" name="Logout" time="0.0">
    <ignored/>
  </testcase> <!-- Logout -->
  <testcase classname="Features.Login_Page" name="Profile" time="0.0">
    <ignored/>
  </testcase> <!-- Profile -->
  <testcase classname="Features.Login_Page" name="GSTIN" time="0.0">
    <ignored/>
  </testcase> <!-- GSTIN -->
  <testcase classname="Features.Login_Page" name="VisitSite" time="0.0">
    <ignored/>
  </testcase> <!-- VisitSite -->
  <testcase classname="Features.Login_Page" name="UserManagement" time="0.0">
    <ignored/>
  </testcase> <!-- UserManagement -->
  <testcase classname="Features.Login_Page" name="Login" time="0.0">
    <ignored/>
  </testcase> <!-- Login -->
  <testcase classname="Features.Login_Page" name="AccountStatement" time="0.0">
    <ignored/>
  </testcase> <!-- AccountStatement -->
  <testcase classname="Features.Login_Page" name="CloseBrowser" time="0.0">
    <ignored/>
  </testcase> <!-- CloseBrowser -->
  <testcase classname="Features.Login_Page" name="BankInfo" time="0.0">
    <ignored/>
  </testcase> <!-- BankInfo -->
  <testcase classname="Features.Login_Page" name="LaunchBrowser" time="0.0">
    <ignored/>
  </testcase> <!-- LaunchBrowser -->
  <testcase classname="Features.Login_Page" name="Deals" time="0.0">
    <ignored/>
  </testcase> <!-- Deals -->
  <testcase classname="Features.Login_Page" name="Reports" time="0.0">
    <ignored/>
  </testcase> <!-- Reports -->
  <testcase classname="Features.Login_Page" name="EscrowAccount" time="0.0">
    <ignored/>
  </testcase> <!-- EscrowAccount -->
  <testcase classname="Features.Login_Page" name="Address" time="0.0">
    <ignored/>
  </testcase> <!-- Address -->
  <testcase classname="Features.Login_Page" name="TransactionReports" time="0.0">
    <ignored/>
  </testcase> <!-- TransactionReports -->
  <testcase classname="Features.Login_Page" name="WithdrawRequest" time="0.0">
    <ignored/>
  </testcase> <!-- WithdrawRequest -->
</testsuite> <!-- Default test -->
