<?xml version="1.0" encoding="UTF-8"?>
<testng-results ignored="0" total="9" passed="9" failed="0" skipped="0">
  <reporter-output>
  </reporter-output>
  <suite started-at="2024-08-27T13:02:21 IST" name="Suite" finished-at="2024-08-27T13:02:47 IST" duration-ms="25841">
    <groups>
    </groups>
    <test started-at="2024-08-27T13:02:21 IST" name="Login_Admin_Create_Deal" finished-at="2024-08-27T13:02:47 IST" duration-ms="25841">
      <class name="Features.Login_Page">
        <test-method signature="LaunchBrowser()[pri:0, instance:Features.Login_Page@4d9e68d0]" started-at="2024-08-27T13:02:21 IST" name="LaunchBrowser" finished-at="2024-08-27T13:02:22 IST" duration-ms="900" status="PASS">
          <reporter-output>
          </reporter-output>
        </test-method> <!-- LaunchBrowser -->
        <test-method signature="VisitSite()[pri:0, instance:Features.Login_Page@4d9e68d0]" started-at="2024-08-27T13:02:22 IST" name="VisitSite" finished-at="2024-08-27T13:02:26 IST" duration-ms="4668" status="PASS">
          <reporter-output>
          </reporter-output>
        </test-method> <!-- VisitSite -->
        <test-method signature="Login(java.lang.String,java.lang.String)[pri:0, instance:Features.Login_Page@4d9e68d0]" started-at="2024-08-27T13:02:26 IST" name="Login" finished-at="2024-08-27T13:02:32 IST" duration-ms="5775" status="PASS">
          <params>
            <param index="0">
              <value>
                <![CDATA[alpha.admin@escrowpayuat.com]]>
              </value>
            </param>
            <param index="1">
              <value>
                <![CDATA[aadmin12#]]>
              </value>
            </param>
          </params>
          <reporter-output>
          </reporter-output>
        </test-method> <!-- Login -->
        <test-method signature="Deals()[pri:0, instance:Features.Login_Page@4d9e68d0]" started-at="2024-08-27T13:02:32 IST" name="Deals" finished-at="2024-08-27T13:02:32 IST" duration-ms="46" status="PASS">
          <reporter-output>
          </reporter-output>
        </test-method> <!-- Deals -->
        <test-method signature="DealsList()[pri:0, instance:Features.Login_Page@4d9e68d0]" started-at="2024-08-27T13:02:32 IST" name="DealsList" finished-at="2024-08-27T13:02:36 IST" duration-ms="4196" status="PASS">
          <reporter-output>
          </reporter-output>
        </test-method> <!-- DealsList -->
        <test-method signature="CreateDeal()[pri:0, instance:Features.Login_Page@4d9e68d0]" started-at="2024-08-27T13:02:36 IST" name="CreateDeal" finished-at="2024-08-27T13:02:43 IST" duration-ms="6732" status="PASS">
          <reporter-output>
          </reporter-output>
        </test-method> <!-- CreateDeal -->
        <test-method signature="ProfileDropdown()[pri:0, instance:Features.Login_Page@4d9e68d0]" started-at="2024-08-27T13:02:43 IST" name="ProfileDropdown" finished-at="2024-08-27T13:02:43 IST" duration-ms="44" status="PASS">
          <reporter-output>
          </reporter-output>
        </test-method> <!-- ProfileDropdown -->
        <test-method signature="Logout()[pri:0, instance:Features.Login_Page@4d9e68d0]" started-at="2024-08-27T13:02:43 IST" name="Logout" finished-at="2024-08-27T13:02:47 IST" duration-ms="3315" status="PASS">
          <reporter-output>
          </reporter-output>
        </test-method> <!-- Logout -->
        <test-method signature="CloseBrowser()[pri:0, instance:Features.Login_Page@4d9e68d0]" started-at="2024-08-27T13:02:47 IST" name="CloseBrowser" finished-at="2024-08-27T13:02:47 IST" duration-ms="108" status="PASS">
          <reporter-output>
          </reporter-output>
        </test-method> <!-- CloseBrowser -->
      </class> <!-- Features.Login_Page -->
    </test> <!-- Login_Admin_Create_Deal -->
  </suite> <!-- Suite -->
</testng-results>
