<?xml version="1.0" encoding="UTF-8"?>
<testng-results ignored="0" total="9" passed="9" failed="0" skipped="0">
  <reporter-output>
  </reporter-output>
  <suite started-at="2024-08-22T17:12:39 IST" name="Suite" finished-at="2024-08-22T17:12:49 IST" duration-ms="9967">
    <groups>
    </groups>
    <test started-at="2024-08-22T17:12:39 IST" name="Login_User_Read" finished-at="2024-08-22T17:12:49 IST" duration-ms="9967">
      <class name="Features.Login_Page">
        <test-method signature="LaunchBrowser()[pri:0, instance:Features.Login_Page@795cd85e]" started-at="2024-08-22T17:12:39 IST" name="LaunchBrowser" finished-at="2024-08-22T17:12:40 IST" duration-ms="901" status="PASS">
          <reporter-output>
          </reporter-output>
        </test-method> <!-- LaunchBrowser -->
        <test-method signature="VisitSite()[pri:0, instance:Features.Login_Page@795cd85e]" started-at="2024-08-22T17:12:40 IST" name="VisitSite" finished-at="2024-08-22T17:12:46 IST" duration-ms="6008" status="PASS">
          <reporter-output>
          </reporter-output>
        </test-method> <!-- VisitSite -->
        <test-method signature="Login(java.lang.String,java.lang.String)[pri:0, instance:Features.Login_Page@795cd85e]" started-at="2024-08-22T17:12:46 IST" name="Login" finished-at="2024-08-22T17:12:48 IST" duration-ms="1745" status="PASS">
          <params>
            <param index="0">
              <value>
                <![CDATA[rakshit.sinha@itrustmore.com]]>
              </value>
            </param>
            <param index="1">
              <value>
                <![CDATA[Rakshit@2024]]>
              </value>
            </param>
          </params>
          <reporter-output>
          </reporter-output>
        </test-method> <!-- Login -->
        <test-method signature="ProfileDropdown()[pri:0, instance:Features.Login_Page@795cd85e]" started-at="2024-08-22T17:12:48 IST" name="ProfileDropdown" finished-at="2024-08-22T17:12:48 IST" duration-ms="54" status="PASS">
          <reporter-output>
          </reporter-output>
        </test-method> <!-- ProfileDropdown -->
        <test-method signature="Profile()[pri:0, instance:Features.Login_Page@795cd85e]" started-at="2024-08-22T17:12:48 IST" name="Profile" finished-at="2024-08-22T17:12:49 IST" duration-ms="1033" status="PASS">
          <reporter-output>
          </reporter-output>
        </test-method> <!-- Profile -->
        <test-method signature="KYC()[pri:0, instance:Features.Login_Page@795cd85e]" started-at="2024-08-22T17:12:49 IST" name="KYC" finished-at="2024-08-22T17:12:49 IST" duration-ms="43" status="PASS">
          <reporter-output>
          </reporter-output>
        </test-method> <!-- KYC -->
        <test-method signature="BankInfo()[pri:0, instance:Features.Login_Page@795cd85e]" started-at="2024-08-22T17:12:49 IST" name="BankInfo" finished-at="2024-08-22T17:12:49 IST" duration-ms="41" status="PASS">
          <reporter-output>
          </reporter-output>
        </test-method> <!-- BankInfo -->
        <test-method signature="GSTIN()[pri:0, instance:Features.Login_Page@795cd85e]" started-at="2024-08-22T17:12:49 IST" name="GSTIN" finished-at="2024-08-22T17:12:49 IST" duration-ms="37" status="PASS">
          <reporter-output>
          </reporter-output>
        </test-method> <!-- GSTIN -->
        <test-method signature="Address()[pri:0, instance:Features.Login_Page@795cd85e]" started-at="2024-08-22T17:12:49 IST" name="Address" finished-at="2024-08-22T17:12:49 IST" duration-ms="47" status="PASS">
          <reporter-output>
          </reporter-output>
        </test-method> <!-- Address -->
      </class> <!-- Features.Login_Page -->
    </test> <!-- Login_User_Read -->
  </suite> <!-- Suite -->
</testng-results>
